[debug] [2021-12-07T12:45:40.212Z] ----------------------------------------------------------------------
[debug] [2021-12-07T12:45:40.216Z] Command:       /usr/local/bin/node /usr/local/bin/firebase init database
[debug] [2021-12-07T12:45:40.217Z] CLI Version:   9.23.0
[debug] [2021-12-07T12:45:40.217Z] Platform:      darwin
[debug] [2021-12-07T12:45:40.217Z] Node Version:  v14.17.0
[debug] [2021-12-07T12:45:40.218Z] Time:          Tue Dec 07 2021 13:45:40 GMT+0100 (Central European Standard Time)
[debug] [2021-12-07T12:45:40.219Z] ----------------------------------------------------------------------
[debug] 
[debug] [2021-12-07T12:45:40.291Z] > command requires scopes: ["email","openid","https://www.googleapis.com/auth/cloudplatformprojects.readonly","https://www.googleapis.com/auth/firebase","https://www.googleapis.com/auth/cloud-platform"]
[debug] [2021-12-07T12:45:40.291Z] > authorizing via signed-in user (alan4999@gmail.com)
[info] 
     ######## #### ########  ######## ########     ###     ######  ########
     ##        ##  ##     ## ##       ##     ##  ##   ##  ##       ##
     ######    ##  ########  ######   ########  #########  ######  ######
     ##        ##  ##    ##  ##       ##     ## ##     ##       ## ##
     ##       #### ##     ## ######## ########  ##     ##  ######  ########

You're about to initialize a Firebase project in this directory:

  /Users/jeannerosendalsoeltoft/CSe19/Fysio_Frontend

Before we get started, keep in mind:

  * You are initializing within an existing Firebase project directory

[info] 
=== Project Setup
[info] 
[info] First, let's associate this project directory with a Firebase project.
[info] You can create multiple project aliases by running firebase use --add, 
[info] but for now we'll just set up a default project.
[info] 
[info] i  .firebaserc already has a default project, using fysio-performance-front. 
[debug] [2021-12-07T12:45:40.303Z] >>> [apiv2][query] GET https://firebase.googleapis.com/v1beta1/projects/fysio-performance-front [none]
[debug] [2021-12-07T12:45:40.584Z] <<< [apiv2][status] GET https://firebase.googleapis.com/v1beta1/projects/fysio-performance-front 200
[debug] [2021-12-07T12:45:40.584Z] <<< [apiv2][body] GET https://firebase.googleapis.com/v1beta1/projects/fysio-performance-front {"projectId":"fysio-performance-front","projectNumber":"838154411293","displayName":"fysio-performance-front","name":"projects/fysio-performance-front","resources":{"hostingSite":"fysio-performance-front"},"state":"ACTIVE"}
[info] 
=== Database Setup
[info] i  database: ensuring required API firebasedatabase.googleapis.com is enabled... 
[debug] [2021-12-07T12:45:40.587Z] > refreshing access token with scopes: ["email","https://www.googleapis.com/auth/cloud-platform","https://www.googleapis.com/auth/cloudplatformprojects.readonly","https://www.googleapis.com/auth/firebase","openid"]
[debug] [2021-12-07T12:45:40.587Z] >>> HTTP REQUEST POST https://www.googleapis.com/oauth2/v3/token  
 <request body omitted>
[debug] [2021-12-07T12:45:40.684Z] <<< HTTP RESPONSE 200 {"expires":"Mon, 01 Jan 1990 00:00:00 GMT","date":"Tue, 07 Dec 2021 12:45:40 GMT","pragma":"no-cache","cache-control":"no-cache, no-store, max-age=0, must-revalidate","content-type":"application/json; charset=utf-8","vary":"X-Origin, Referer, Origin,Accept-Encoding","server":"scaffolding on HTTPServer2","x-xss-protection":"0","x-frame-options":"SAMEORIGIN","x-content-type-options":"nosniff","alt-svc":"h3=\":443\"; ma=2592000,h3-29=\":443\"; ma=2592000,h3-Q050=\":443\"; ma=2592000,h3-Q046=\":443\"; ma=2592000,h3-Q043=\":443\"; ma=2592000,quic=\":443\"; ma=2592000; v=\"46,43\"","accept-ranges":"none","transfer-encoding":"chunked"}
[debug] [2021-12-07T12:45:40.728Z] >>> HTTP REQUEST GET https://serviceusage.googleapis.com/v1/projects/fysio-performance-front/services/firebasedatabase.googleapis.com  
 
[debug] [2021-12-07T12:45:41.610Z] <<< HTTP RESPONSE 200 {"content-type":"application/json; charset=UTF-8","vary":"X-Origin, Referer, Origin,Accept-Encoding","date":"Tue, 07 Dec 2021 12:45:41 GMT","server":"ESF","cache-control":"private","x-xss-protection":"0","x-frame-options":"SAMEORIGIN","x-content-type-options":"nosniff","alt-svc":"h3=\":443\"; ma=2592000,h3-29=\":443\"; ma=2592000,h3-Q050=\":443\"; ma=2592000,h3-Q046=\":443\"; ma=2592000,h3-Q043=\":443\"; ma=2592000,quic=\":443\"; ma=2592000; v=\"46,43\"","accept-ranges":"none","transfer-encoding":"chunked"}
[warn] ⚠  database: missing required API firebasedatabase.googleapis.com. Enabling now... 
[debug] [2021-12-07T12:45:41.612Z] >>> HTTP REQUEST POST https://serviceusage.googleapis.com/v1/projects/fysio-performance-front/services/firebasedatabase.googleapis.com:enable  
 
[debug] [2021-12-07T12:45:42.987Z] <<< HTTP RESPONSE 200 {"content-type":"application/json; charset=UTF-8","vary":"X-Origin, Referer, Origin,Accept-Encoding","date":"Tue, 07 Dec 2021 12:45:42 GMT","server":"ESF","cache-control":"private","x-xss-protection":"0","x-frame-options":"SAMEORIGIN","x-content-type-options":"nosniff","alt-svc":"h3=\":443\"; ma=2592000,h3-29=\":443\"; ma=2592000,h3-Q050=\":443\"; ma=2592000,h3-Q046=\":443\"; ma=2592000,h3-Q043=\":443\"; ma=2592000,quic=\":443\"; ma=2592000; v=\"46,43\"","accept-ranges":"none","transfer-encoding":"chunked"}
[debug] [2021-12-07T12:45:52.989Z] >>> HTTP REQUEST GET https://serviceusage.googleapis.com/v1/projects/fysio-performance-front/services/firebasedatabase.googleapis.com  
 
[debug] [2021-12-07T12:45:53.842Z] <<< HTTP RESPONSE 200 {"content-type":"application/json; charset=UTF-8","vary":"X-Origin, Referer, Origin,Accept-Encoding","date":"Tue, 07 Dec 2021 12:45:53 GMT","server":"ESF","cache-control":"private","x-xss-protection":"0","x-frame-options":"SAMEORIGIN","x-content-type-options":"nosniff","alt-svc":"h3=\":443\"; ma=2592000,h3-29=\":443\"; ma=2592000,h3-Q050=\":443\"; ma=2592000,h3-Q046=\":443\"; ma=2592000,h3-Q043=\":443\"; ma=2592000,quic=\":443\"; ma=2592000; v=\"46,43\"","accept-ranges":"none","transfer-encoding":"chunked"}
[info] ✔  database: required API firebasedatabase.googleapis.com is enabled 
[info] 
[debug] [2021-12-07T12:45:53.846Z] > refreshing access token with scopes: []
[debug] [2021-12-07T12:45:53.846Z] >>> HTTP REQUEST POST https://www.googleapis.com/oauth2/v3/token  
 <request body omitted>
[debug] [2021-12-07T12:45:53.947Z] <<< HTTP RESPONSE 200 {"cache-control":"no-cache, no-store, max-age=0, must-revalidate","expires":"Mon, 01 Jan 1990 00:00:00 GMT","pragma":"no-cache","date":"Tue, 07 Dec 2021 12:45:53 GMT","content-type":"application/json; charset=utf-8","vary":"X-Origin, Referer, Origin,Accept-Encoding","server":"scaffolding on HTTPServer2","x-xss-protection":"0","x-frame-options":"SAMEORIGIN","x-content-type-options":"nosniff","alt-svc":"h3=\":443\"; ma=2592000,h3-29=\":443\"; ma=2592000,h3-Q050=\":443\"; ma=2592000,h3-Q046=\":443\"; ma=2592000,h3-Q043=\":443\"; ma=2592000,quic=\":443\"; ma=2592000; v=\"46,43\"","accept-ranges":"none","transfer-encoding":"chunked"}
[debug] [2021-12-07T12:45:54.006Z] >>> [apiv2][query] GET https://firebase.googleapis.com/v1beta1/projects/fysio-performance-front [none]
[debug] [2021-12-07T12:45:54.297Z] <<< [apiv2][status] GET https://firebase.googleapis.com/v1beta1/projects/fysio-performance-front 200
[debug] [2021-12-07T12:45:54.297Z] <<< [apiv2][body] GET https://firebase.googleapis.com/v1beta1/projects/fysio-performance-front {"projectId":"fysio-performance-front","projectNumber":"838154411293","displayName":"fysio-performance-front","name":"projects/fysio-performance-front","resources":{"hostingSite":"fysio-performance-front"},"state":"ACTIVE"}
[debug] [2021-12-07T12:46:08.072Z] > refreshing access token with scopes: ["email","https://www.googleapis.com/auth/cloud-platform","https://www.googleapis.com/auth/cloudplatformprojects.readonly","https://www.googleapis.com/auth/firebase","openid"]
[debug] [2021-12-07T12:46:08.072Z] >>> HTTP REQUEST POST https://www.googleapis.com/oauth2/v3/token  
 <request body omitted>
[debug] [2021-12-07T12:46:08.155Z] <<< HTTP RESPONSE 200 {"expires":"Mon, 01 Jan 1990 00:00:00 GMT","cache-control":"no-cache, no-store, max-age=0, must-revalidate","date":"Tue, 07 Dec 2021 12:46:08 GMT","pragma":"no-cache","content-type":"application/json; charset=utf-8","vary":"X-Origin, Referer, Origin,Accept-Encoding","server":"scaffolding on HTTPServer2","x-xss-protection":"0","x-frame-options":"SAMEORIGIN","x-content-type-options":"nosniff","alt-svc":"h3=\":443\"; ma=2592000,h3-29=\":443\"; ma=2592000,h3-Q050=\":443\"; ma=2592000,h3-Q046=\":443\"; ma=2592000,h3-Q043=\":443\"; ma=2592000,quic=\":443\"; ma=2592000; v=\"46,43\"","accept-ranges":"none","transfer-encoding":"chunked"}
[debug] [2021-12-07T12:46:08.226Z] >>> HTTP REQUEST POST https://firebasedatabase.googleapis.com/v1beta/projects/fysio-performance-front/locations/europe-west1/instances?databaseId=fysio-performance-front-default-rtdb&validateOnly=true  
 {"type":"default_database"}
[debug] [2021-12-07T12:46:09.069Z] <<< HTTP RESPONSE 200 {"content-type":"application/json; charset=UTF-8","vary":"X-Origin, Referer, Origin,Accept-Encoding","date":"Tue, 07 Dec 2021 12:46:09 GMT","server":"ESF","cache-control":"private","x-xss-protection":"0","x-frame-options":"SAMEORIGIN","x-content-type-options":"nosniff","alt-svc":"h3=\":443\"; ma=2592000,h3-29=\":443\"; ma=2592000,h3-Q050=\":443\"; ma=2592000,h3-Q046=\":443\"; ma=2592000,h3-Q043=\":443\"; ma=2592000,quic=\":443\"; ma=2592000; v=\"46,43\"","accept-ranges":"none","transfer-encoding":"chunked"}
[debug] [2021-12-07T12:46:09.072Z] >>> HTTP REQUEST POST https://firebasedatabase.googleapis.com/v1beta/projects/fysio-performance-front/locations/europe-west1/instances?databaseId=fysio-performance-front-default-rtdb  
 {"type":"default_database"}
[debug] [2021-12-07T12:46:11.044Z] <<< HTTP RESPONSE 200 {"content-type":"application/json; charset=UTF-8","vary":"X-Origin, Referer, Origin,Accept-Encoding","date":"Tue, 07 Dec 2021 12:46:10 GMT","server":"ESF","cache-control":"private","x-xss-protection":"0","x-frame-options":"SAMEORIGIN","x-content-type-options":"nosniff","alt-svc":"h3=\":443\"; ma=2592000,h3-29=\":443\"; ma=2592000,h3-Q050=\":443\"; ma=2592000,h3-Q046=\":443\"; ma=2592000,h3-Q043=\":443\"; ma=2592000,quic=\":443\"; ma=2592000; v=\"46,43\"","accept-ranges":"none","transfer-encoding":"chunked"}
[info] 
[info] Firebase Realtime Database Security Rules allow you to define how your data should be
[info] structured and when your data can be read from and written to.
[info] 
